<?xml version="1.0" encoding="UTF-8"?>
<!-- Generated by org.testng.reporters.JUnitXMLReporter -->
<testsuite ignored="0" hostname="admins-MacBook-Pro.local" failures="0" tests="2" name="Test" time="24.524" errors="0" timestamp="2023-11-13T13:06:28 CET">
  <testcase classname="tests.LogInAsCandidateDataProvider" name="testLogInAsCandidateDataProvider" time="4.339"/>
  <testcase classname="tests.LogInAsCandidateDataProvider" name="testLogInAsCandidateDataProvider" time="13.677"/>
</testsuite> <!-- Test -->
