<?xml version="1.0" encoding="UTF-8"?>
<testng-results ignored="0" total="1" passed="1" failed="0" skipped="0">
  <reporter-output>
  </reporter-output>
  <suite started-at="2023-12-05T15:26:14 CET" name="Suite" finished-at="2023-12-05T15:26:25 CET" duration-ms="10309">
    <groups>
    </groups>
    <test started-at="2023-12-05T15:26:14 CET" name="Parallel2" finished-at="2023-12-05T15:26:14 CET" duration-ms="8">
    </test> <!-- Parallel2 -->
    <test started-at="2023-12-05T15:26:14 CET" name="Parallel1" finished-at="2023-12-05T15:26:25 CET" duration-ms="10309">
      <class name="tests.LogInAsCandidate">
        <test-method is-config="true" signature="openBrowser()[pri:0, instance:tests.LogInAsCandidate@163e4e87]" started-at="2023-12-05T15:26:14 CET" name="openBrowser" finished-at="2023-12-05T15:26:18 CET" duration-ms="3289" status="PASS">
          <reporter-output>
          </reporter-output>
        </test-method> <!-- openBrowser -->
        <test-method signature="testLogInAsCandidate()[pri:0, instance:tests.LogInAsCandidate@163e4e87]" started-at="2023-12-05T15:26:18 CET" name="testLogInAsCandidate" finished-at="2023-12-05T15:26:24 CET" duration-ms="6852" status="PASS">
          <reporter-output>
          </reporter-output>
        </test-method> <!-- testLogInAsCandidate -->
        <test-method is-config="true" signature="quit()[pri:0, instance:tests.LogInAsCandidate@163e4e87]" started-at="2023-12-05T15:26:24 CET" name="quit" finished-at="2023-12-05T15:26:25 CET" duration-ms="133" status="PASS">
          <reporter-output>
          </reporter-output>
        </test-method> <!-- quit -->
      </class> <!-- tests.LogInAsCandidate -->
    </test> <!-- Parallel1 -->
  </suite> <!-- Suite -->
</testng-results>
