<?xml version="1.0" encoding="UTF-8"?>
<testng-results ignored="0" total="1" passed="1" failed="0" skipped="0">
  <reporter-output>
  </reporter-output>
  <suite started-at="2023-12-07T12:44:21 CET" name="Suite" finished-at="2023-12-07T12:44:32 CET" duration-ms="10607">
    <groups>
    </groups>
    <test started-at="2023-12-07T12:44:21 CET" name="Parallel2" finished-at="2023-12-07T12:44:21 CET" duration-ms="12">
    </test> <!-- Parallel2 -->
    <test started-at="2023-12-07T12:44:21 CET" name="Parallel1" finished-at="2023-12-07T12:44:32 CET" duration-ms="10607">
      <class name="tests.LogInAsCandidate">
        <test-method is-config="true" signature="openBrowser()[pri:0, instance:tests.LogInAsCandidate@52e6fdee]" started-at="2023-12-07T12:44:21 CET" name="openBrowser" finished-at="2023-12-07T12:44:25 CET" duration-ms="3213" status="PASS">
          <reporter-output>
          </reporter-output>
        </test-method> <!-- openBrowser -->
        <test-method signature="testLogInAsCandidate()[pri:0, instance:tests.LogInAsCandidate@52e6fdee]" started-at="2023-12-07T12:44:25 CET" name="testLogInAsCandidate" finished-at="2023-12-07T12:44:32 CET" duration-ms="7204" status="PASS">
          <reporter-output>
          </reporter-output>
        </test-method> <!-- testLogInAsCandidate -->
        <test-method is-config="true" signature="quit()[pri:0, instance:tests.LogInAsCandidate@52e6fdee]" started-at="2023-12-07T12:44:32 CET" name="quit" finished-at="2023-12-07T12:44:32 CET" duration-ms="154" status="PASS">
          <reporter-output>
          </reporter-output>
        </test-method> <!-- quit -->
      </class> <!-- tests.LogInAsCandidate -->
    </test> <!-- Parallel1 -->
  </suite> <!-- Suite -->
</testng-results>
